<?xml version="1.0" encoding="UTF-8"?>
<!-- Generated by org.testng.reporters.JUnitReportReporter -->
<testsuite hostname="VelmuruganMownika" failures="0" tests="1" name="dockerTest.SeleniumDockerTest" time="1.365" errors="0" timestamp="2024-09-25T23:28:34 GST" skipped="0">
  <testcase classname="dockerTest.SeleniumDockerTest" name="testGoogleHomePage" time="1.365"/>
  <system-out/>
</testsuite> <!-- dockerTest.SeleniumDockerTest -->
