<?xml version="1.0" encoding="UTF-8"?>
<!-- Generated by org.testng.reporters.JUnitReportReporter -->
<testsuite hostname="VelmuruganMownika" failures="0" tests="1" name="runners.TestRunner" time="7.719" errors="0" timestamp="2025-01-28T19:08:54 GST" skipped="0">
  <testcase classname="runners.TestRunner" name="runScenario" time="7.719"/>
  <system-out/>
</testsuite> <!-- runners.TestRunner -->
