<?xml version="1.0" encoding="UTF-8"?>
<!-- Generated by org.testng.reporters.JUnitReportReporter -->
<testsuite hostname="VelmuruganMownika" failures="0" tests="2" name="dockerTest.SeleniumGridTestNG" time="2.649" errors="0" timestamp="2024-09-29T20:38:32 GST" skipped="0">
  <testcase classname="dockerTest.SeleniumGridTestNG" name="testOnFirefox" time="1.196"/>
  <system-out/>
  <testcase classname="dockerTest.SeleniumGridTestNG" name="testOnChrome" time="1.453"/>
  <system-out/>
</testsuite> <!-- dockerTest.SeleniumGridTestNG -->
